0 info it worked if it ends with ok
1 verbose cli [ '/Users/sam/.nodenv/versions/4.2.1/bin/node',
1 verbose cli   '/Users/sam/.nodenv/versions/4.2.1/bin/npm',
1 verbose cli   'run',
1 verbose cli   'node-sass',
1 verbose cli   'styles/',
1 verbose cli   'styles.css' ]
2 info using npm@3.8.7
3 info using node@v4.2.1
4 verbose stack Error: missing script: node-sass
4 verbose stack     at run (/Users/sam/.nodenv/versions/4.2.1/lib/node_modules/npm/lib/run-script.js:147:19)
4 verbose stack     at /Users/sam/.nodenv/versions/4.2.1/lib/node_modules/npm/lib/run-script.js:57:5
4 verbose stack     at /Users/sam/.nodenv/versions/4.2.1/lib/node_modules/npm/node_modules/read-package-json/read-json.js:345:5
4 verbose stack     at checkBinReferences_ (/Users/sam/.nodenv/versions/4.2.1/lib/node_modules/npm/node_modules/read-package-json/read-json.js:309:45)
4 verbose stack     at final (/Users/sam/.nodenv/versions/4.2.1/lib/node_modules/npm/node_modules/read-package-json/read-json.js:343:3)
4 verbose stack     at then (/Users/sam/.nodenv/versions/4.2.1/lib/node_modules/npm/node_modules/read-package-json/read-json.js:113:5)
4 verbose stack     at /Users/sam/.nodenv/versions/4.2.1/lib/node_modules/npm/node_modules/read-package-json/read-json.js:300:12
4 verbose stack     at /Users/sam/.nodenv/versions/4.2.1/lib/node_modules/npm/node_modules/graceful-fs/graceful-fs.js:78:16
4 verbose stack     at FSReqWrap.readFileAfterClose [as oncomplete] (fs.js:380:3)
5 verbose cwd /Users/sam/code/rune-ui
6 error Darwin 15.6.0
7 error argv "/Users/sam/.nodenv/versions/4.2.1/bin/node" "/Users/sam/.nodenv/versions/4.2.1/bin/npm" "run" "node-sass" "styles/" "styles.css"
8 error node v4.2.1
9 error npm  v3.8.7
10 error missing script: node-sass
11 error If you need help, you may report this error at:
11 error     <https://github.com/npm/npm/issues>
12 verbose exit [ 1, true ]
